[0.952s] Invoking command in '/home/argo/rogest_ws/src/gest_sub': PYTHONPATH=/home/argo/rogest_ws/build/gest_sub/prefix_override:/usr/lib/python3/dist-packages/colcon_core/task/python/colcon_distutils_commands:/home/argo/rogest_ws/install/gest_sub/lib/python3.10/site-packages:${PYTHONPATH} /usr/bin/python3 -W ignore:setup.py install is deprecated -W ignore:easy_install command is deprecated setup.py egg_info --egg-base ../../build/gest_sub build --build-base /home/argo/rogest_ws/build/gest_sub/build install --record /home/argo/rogest_ws/build/gest_sub/install.log --single-version-externally-managed install_data
[1.214s] running egg_info
[1.214s] creating ../../build/gest_sub/gest_sub.egg-info
[1.215s] writing ../../build/gest_sub/gest_sub.egg-info/PKG-INFO
[1.215s] writing dependency_links to ../../build/gest_sub/gest_sub.egg-info/dependency_links.txt
[1.216s] writing entry points to ../../build/gest_sub/gest_sub.egg-info/entry_points.txt
[1.216s] writing requirements to ../../build/gest_sub/gest_sub.egg-info/requires.txt
[1.216s] writing top-level names to ../../build/gest_sub/gest_sub.egg-info/top_level.txt
[1.216s] writing manifest file '../../build/gest_sub/gest_sub.egg-info/SOURCES.txt'
[1.217s] reading manifest file '../../build/gest_sub/gest_sub.egg-info/SOURCES.txt'
[1.218s] adding license file 'LICENSE'
[1.218s] writing manifest file '../../build/gest_sub/gest_sub.egg-info/SOURCES.txt'
[1.218s] running build
[1.218s] running build_py
[1.218s] creating /home/argo/rogest_ws/build/gest_sub/build
[1.219s] creating /home/argo/rogest_ws/build/gest_sub/build/lib
[1.219s] creating /home/argo/rogest_ws/build/gest_sub/build/lib/gest_sub
[1.219s] copying gest_sub/gest_sub_node.py -> /home/argo/rogest_ws/build/gest_sub/build/lib/gest_sub
[1.219s] copying gest_sub/__init__.py -> /home/argo/rogest_ws/build/gest_sub/build/lib/gest_sub
[1.220s] running install
[1.220s] running install_lib
[1.221s] creating /home/argo/rogest_ws/install/gest_sub/lib/python3.10/site-packages/gest_sub
[1.221s] copying /home/argo/rogest_ws/build/gest_sub/build/lib/gest_sub/gest_sub_node.py -> /home/argo/rogest_ws/install/gest_sub/lib/python3.10/site-packages/gest_sub
[1.222s] copying /home/argo/rogest_ws/build/gest_sub/build/lib/gest_sub/__init__.py -> /home/argo/rogest_ws/install/gest_sub/lib/python3.10/site-packages/gest_sub
[1.222s] byte-compiling /home/argo/rogest_ws/install/gest_sub/lib/python3.10/site-packages/gest_sub/gest_sub_node.py to gest_sub_node.cpython-310.pyc
[1.223s] byte-compiling /home/argo/rogest_ws/install/gest_sub/lib/python3.10/site-packages/gest_sub/__init__.py to __init__.cpython-310.pyc
[1.223s] running install_data
[1.223s] creating /home/argo/rogest_ws/install/gest_sub/share/ament_index
[1.224s] creating /home/argo/rogest_ws/install/gest_sub/share/ament_index/resource_index
[1.224s] creating /home/argo/rogest_ws/install/gest_sub/share/ament_index/resource_index/packages
[1.224s] copying resource/gest_sub -> /home/argo/rogest_ws/install/gest_sub/share/ament_index/resource_index/packages
[1.224s] copying package.xml -> /home/argo/rogest_ws/install/gest_sub/share/gest_sub
[1.224s] running install_egg_info
[1.226s] Copying ../../build/gest_sub/gest_sub.egg-info to /home/argo/rogest_ws/install/gest_sub/lib/python3.10/site-packages/gest_sub-0.0.0-py3.10.egg-info
[1.226s] running install_scripts
[1.250s] Installing gest_sub_node script to /home/argo/rogest_ws/install/gest_sub/lib/gest_sub
[1.250s] writing list of installed files to '/home/argo/rogest_ws/build/gest_sub/install.log'
[1.274s] Invoked command in '/home/argo/rogest_ws/src/gest_sub' returned '0': PYTHONPATH=/home/argo/rogest_ws/build/gest_sub/prefix_override:/usr/lib/python3/dist-packages/colcon_core/task/python/colcon_distutils_commands:/home/argo/rogest_ws/install/gest_sub/lib/python3.10/site-packages:${PYTHONPATH} /usr/bin/python3 -W ignore:setup.py install is deprecated -W ignore:easy_install command is deprecated setup.py egg_info --egg-base ../../build/gest_sub build --build-base /home/argo/rogest_ws/build/gest_sub/build install --record /home/argo/rogest_ws/build/gest_sub/install.log --single-version-externally-managed install_data
