running develop
Removing /home/argo/rogest_ws/install/gest_pub/lib/python3.10/site-packages/gest-pub.egg-link (link to .)
running egg_info
writing ../../build/gest_pub/gest_pub.egg-info/PKG-INFO
writing dependency_links to ../../build/gest_pub/gest_pub.egg-info/dependency_links.txt
writing entry points to ../../build/gest_pub/gest_pub.egg-info/entry_points.txt
writing requirements to ../../build/gest_pub/gest_pub.egg-info/requires.txt
writing top-level names to ../../build/gest_pub/gest_pub.egg-info/top_level.txt
reading manifest file '../../build/gest_pub/gest_pub.egg-info/SOURCES.txt'
adding license file 'LICENSE'
writing manifest file '../../build/gest_pub/gest_pub.egg-info/SOURCES.txt'
running build
running build_py
creating /home/argo/rogest_ws/build/gest_pub/build
creating /home/argo/rogest_ws/build/gest_pub/build/lib
creating /home/argo/rogest_ws/build/gest_pub/build/lib/gest_pub
copying gest_pub/gest_pub_node.py -> /home/argo/rogest_ws/build/gest_pub/build/lib/gest_pub
copying gest_pub/__init__.py -> /home/argo/rogest_ws/build/gest_pub/build/lib/gest_pub
running install
running install_lib
creating /home/argo/rogest_ws/install/gest_pub/lib/python3.10/site-packages/gest_pub
copying /home/argo/rogest_ws/build/gest_pub/build/lib/gest_pub/gest_pub_node.py -> /home/argo/rogest_ws/install/gest_pub/lib/python3.10/site-packages/gest_pub
copying /home/argo/rogest_ws/build/gest_pub/build/lib/gest_pub/__init__.py -> /home/argo/rogest_ws/install/gest_pub/lib/python3.10/site-packages/gest_pub
byte-compiling /home/argo/rogest_ws/install/gest_pub/lib/python3.10/site-packages/gest_pub/gest_pub_node.py to gest_pub_node.cpython-310.pyc
byte-compiling /home/argo/rogest_ws/install/gest_pub/lib/python3.10/site-packages/gest_pub/__init__.py to __init__.cpython-310.pyc
running install_data
copying resource/gest_pub -> /home/argo/rogest_ws/install/gest_pub/share/ament_index/resource_index/packages
copying package.xml -> /home/argo/rogest_ws/install/gest_pub/share/gest_pub
running install_egg_info
Copying ../../build/gest_pub/gest_pub.egg-info to /home/argo/rogest_ws/install/gest_pub/lib/python3.10/site-packages/gest_pub-0.0.0-py3.10.egg-info
running install_scripts
Installing gest_pub_node script to /home/argo/rogest_ws/install/gest_pub/lib/gest_pub
writing list of installed files to '/home/argo/rogest_ws/build/gest_pub/install.log'
