[0.956s] Invoking command in '/home/argo/rogest_ws/build/gest_pub': PYTHONPATH=/home/argo/rogest_ws/build/gest_pub/prefix_override:/usr/lib/python3/dist-packages/colcon_core/task/python/colcon_distutils_commands:/home/argo/rogest_ws/install/gest_pub/lib/python3.10/site-packages:${PYTHONPATH} /usr/bin/python3 -W ignore:setup.py install is deprecated -W ignore:easy_install command is deprecated setup.py develop --uninstall --editable --build-directory /home/argo/rogest_ws/build/gest_pub/build
[1.226s] running develop
[1.379s] Removing /home/argo/rogest_ws/install/gest_pub/lib/python3.10/site-packages/gest-pub.egg-link (link to .)
[1.409s] Invoked command in '/home/argo/rogest_ws/build/gest_pub' returned '0': PYTHONPATH=/home/argo/rogest_ws/build/gest_pub/prefix_override:/usr/lib/python3/dist-packages/colcon_core/task/python/colcon_distutils_commands:/home/argo/rogest_ws/install/gest_pub/lib/python3.10/site-packages:${PYTHONPATH} /usr/bin/python3 -W ignore:setup.py install is deprecated -W ignore:easy_install command is deprecated setup.py develop --uninstall --editable --build-directory /home/argo/rogest_ws/build/gest_pub/build
[1.411s] Invoking command in '/home/argo/rogest_ws/src/gest_pub': PYTHONPATH=/home/argo/rogest_ws/build/gest_pub/prefix_override:/usr/lib/python3/dist-packages/colcon_core/task/python/colcon_distutils_commands:/home/argo/rogest_ws/install/gest_pub/lib/python3.10/site-packages:${PYTHONPATH} /usr/bin/python3 -W ignore:setup.py install is deprecated -W ignore:easy_install command is deprecated setup.py egg_info --egg-base ../../build/gest_pub build --build-base /home/argo/rogest_ws/build/gest_pub/build install --record /home/argo/rogest_ws/build/gest_pub/install.log --single-version-externally-managed install_data --force
[1.671s] running egg_info
[1.672s] writing ../../build/gest_pub/gest_pub.egg-info/PKG-INFO
[1.672s] writing dependency_links to ../../build/gest_pub/gest_pub.egg-info/dependency_links.txt
[1.672s] writing entry points to ../../build/gest_pub/gest_pub.egg-info/entry_points.txt
[1.672s] writing requirements to ../../build/gest_pub/gest_pub.egg-info/requires.txt
[1.672s] writing top-level names to ../../build/gest_pub/gest_pub.egg-info/top_level.txt
[1.674s] reading manifest file '../../build/gest_pub/gest_pub.egg-info/SOURCES.txt'
[1.674s] adding license file 'LICENSE'
[1.674s] writing manifest file '../../build/gest_pub/gest_pub.egg-info/SOURCES.txt'
[1.675s] running build
[1.675s] running build_py
[1.676s] creating /home/argo/rogest_ws/build/gest_pub/build
[1.676s] creating /home/argo/rogest_ws/build/gest_pub/build/lib
[1.676s] creating /home/argo/rogest_ws/build/gest_pub/build/lib/gest_pub
[1.676s] copying gest_pub/gest_pub_node.py -> /home/argo/rogest_ws/build/gest_pub/build/lib/gest_pub
[1.676s] copying gest_pub/__init__.py -> /home/argo/rogest_ws/build/gest_pub/build/lib/gest_pub
[1.676s] running install
[1.676s] running install_lib
[1.678s] creating /home/argo/rogest_ws/install/gest_pub/lib/python3.10/site-packages/gest_pub
[1.678s] copying /home/argo/rogest_ws/build/gest_pub/build/lib/gest_pub/gest_pub_node.py -> /home/argo/rogest_ws/install/gest_pub/lib/python3.10/site-packages/gest_pub
[1.678s] copying /home/argo/rogest_ws/build/gest_pub/build/lib/gest_pub/__init__.py -> /home/argo/rogest_ws/install/gest_pub/lib/python3.10/site-packages/gest_pub
[1.679s] byte-compiling /home/argo/rogest_ws/install/gest_pub/lib/python3.10/site-packages/gest_pub/gest_pub_node.py to gest_pub_node.cpython-310.pyc
[1.680s] byte-compiling /home/argo/rogest_ws/install/gest_pub/lib/python3.10/site-packages/gest_pub/__init__.py to __init__.cpython-310.pyc
[1.680s] running install_data
[1.680s] copying resource/gest_pub -> /home/argo/rogest_ws/install/gest_pub/share/ament_index/resource_index/packages
[1.680s] copying package.xml -> /home/argo/rogest_ws/install/gest_pub/share/gest_pub
[1.681s] running install_egg_info
[1.682s] Copying ../../build/gest_pub/gest_pub.egg-info to /home/argo/rogest_ws/install/gest_pub/lib/python3.10/site-packages/gest_pub-0.0.0-py3.10.egg-info
[1.683s] running install_scripts
[1.708s] Installing gest_pub_node script to /home/argo/rogest_ws/install/gest_pub/lib/gest_pub
[1.708s] writing list of installed files to '/home/argo/rogest_ws/build/gest_pub/install.log'
[1.736s] Invoked command in '/home/argo/rogest_ws/src/gest_pub' returned '0': PYTHONPATH=/home/argo/rogest_ws/build/gest_pub/prefix_override:/usr/lib/python3/dist-packages/colcon_core/task/python/colcon_distutils_commands:/home/argo/rogest_ws/install/gest_pub/lib/python3.10/site-packages:${PYTHONPATH} /usr/bin/python3 -W ignore:setup.py install is deprecated -W ignore:easy_install command is deprecated setup.py egg_info --egg-base ../../build/gest_pub build --build-base /home/argo/rogest_ws/build/gest_pub/build install --record /home/argo/rogest_ws/build/gest_pub/install.log --single-version-externally-managed install_data --force
