[0.699s] Invoking command in '/home/argo/rogest_ws/build/gest_pub': PYTHONPATH=/home/argo/rogest_ws/build/gest_pub/prefix_override:/usr/lib/python3/dist-packages/colcon_core/task/python/colcon_distutils_commands:/home/argo/rogest_ws/install/gest_pub/lib/python3.10/site-packages:${PYTHONPATH} /usr/bin/python3 -W ignore:setup.py install is deprecated -W ignore:easy_install command is deprecated setup.py develop --editable --build-directory /home/argo/rogest_ws/build/gest_pub/build --no-deps symlink_data
[0.956s] running develop
[1.088s] running egg_info
[1.088s] creating gest_pub.egg-info
[1.088s] writing gest_pub.egg-info/PKG-INFO
[1.088s] writing dependency_links to gest_pub.egg-info/dependency_links.txt
[1.088s] writing entry points to gest_pub.egg-info/entry_points.txt
[1.088s] writing requirements to gest_pub.egg-info/requires.txt
[1.089s] writing top-level names to gest_pub.egg-info/top_level.txt
[1.089s] writing manifest file 'gest_pub.egg-info/SOURCES.txt'
[1.090s] reading manifest file 'gest_pub.egg-info/SOURCES.txt'
[1.091s] writing manifest file 'gest_pub.egg-info/SOURCES.txt'
[1.092s] running build_ext
[1.092s] Creating /home/argo/rogest_ws/install/gest_pub/lib/python3.10/site-packages/gest-pub.egg-link (link to .)
[1.093s] Installing gest_pub_node script to /home/argo/rogest_ws/install/gest_pub/lib/gest_pub
[1.093s] 
[1.093s] Installed /home/argo/rogest_ws/build/gest_pub
[1.094s] running symlink_data
[1.094s] creating /home/argo/rogest_ws/install/gest_pub/share/ament_index
[1.094s] creating /home/argo/rogest_ws/install/gest_pub/share/ament_index/resource_index
[1.094s] creating /home/argo/rogest_ws/install/gest_pub/share/ament_index/resource_index/packages
[1.094s] symbolically linking /home/argo/rogest_ws/build/gest_pub/resource/gest_pub -> /home/argo/rogest_ws/install/gest_pub/share/ament_index/resource_index/packages
[1.094s] symbolically linking /home/argo/rogest_ws/build/gest_pub/package.xml -> /home/argo/rogest_ws/install/gest_pub/share/gest_pub
[1.123s] Invoked command in '/home/argo/rogest_ws/build/gest_pub' returned '0': PYTHONPATH=/home/argo/rogest_ws/build/gest_pub/prefix_override:/usr/lib/python3/dist-packages/colcon_core/task/python/colcon_distutils_commands:/home/argo/rogest_ws/install/gest_pub/lib/python3.10/site-packages:${PYTHONPATH} /usr/bin/python3 -W ignore:setup.py install is deprecated -W ignore:easy_install command is deprecated setup.py develop --editable --build-directory /home/argo/rogest_ws/build/gest_pub/build --no-deps symlink_data
