[0.106s] DEBUG:colcon:Command line arguments: ['/usr/bin/colcon', 'build']
[0.107s] DEBUG:colcon:Parsed command line arguments: Namespace(log_base=None, log_level=None, verb_name='build', build_base='build', install_base='install', merge_install=False, symlink_install=False, test_result_base=None, continue_on_error=False, executor='parallel', parallel_workers=16, event_handlers=None, ignore_user_meta=False, metas=['./colcon.meta'], base_paths=['.'], packages_ignore=None, packages_ignore_regex=None, paths=None, packages_up_to=None, packages_up_to_regex=None, packages_above=None, packages_above_and_dependencies=None, packages_above_depth=None, packages_select_by_dep=None, packages_skip_by_dep=None, packages_skip_up_to=None, packages_select_build_failed=False, packages_skip_build_finished=False, packages_select_test_failures=False, packages_skip_test_passed=False, packages_select=None, packages_skip=None, packages_select_regex=None, packages_skip_regex=None, packages_start=None, packages_end=None, allow_overriding=[], cmake_args=None, cmake_target=None, cmake_target_skip_unavailable=False, cmake_clean_cache=False, cmake_clean_first=False, cmake_force_configure=False, ament_cmake_args=None, catkin_cmake_args=None, catkin_skip_building_tests=False, mixin_files=None, mixin=None, verb_parser=<colcon_mixin.mixin.mixin_argument.MixinArgumentDecorator object at 0x7f5086152590>, verb_extension=<colcon_core.verb.build.BuildVerb object at 0x7f5086151f90>, main=<bound method BuildVerb.main of <colcon_core.verb.build.BuildVerb object at 0x7f5086151f90>>, mixin_verb=('build',))
[0.259s] Level 1:colcon.colcon_core.package_discovery:discover_packages(colcon_meta) check parameters
[0.259s] Level 1:colcon.colcon_core.package_discovery:discover_packages(recursive) check parameters
[0.259s] Level 1:colcon.colcon_core.package_discovery:discover_packages(ignore) check parameters
[0.259s] Level 1:colcon.colcon_core.package_discovery:discover_packages(path) check parameters
[0.259s] Level 1:colcon.colcon_core.package_discovery:discover_packages(colcon_meta) discover
[0.259s] Level 1:colcon.colcon_core.package_discovery:discover_packages(recursive) discover
[0.259s] INFO:colcon.colcon_core.package_discovery:Crawling recursively for packages in '/home/argo/rogest_ws'
[0.259s] Level 1:colcon.colcon_core.package_identification:_identify(.) by extensions ['ignore', 'ignore_ament_install']
[0.259s] Level 1:colcon.colcon_core.package_identification:_identify(.) by extension 'ignore'
[0.259s] Level 1:colcon.colcon_core.package_identification:_identify(.) by extension 'ignore_ament_install'
[0.260s] Level 1:colcon.colcon_core.package_identification:_identify(.) by extensions ['colcon_pkg']
[0.260s] Level 1:colcon.colcon_core.package_identification:_identify(.) by extension 'colcon_pkg'
[0.260s] Level 1:colcon.colcon_core.package_identification:_identify(.) by extensions ['colcon_meta']
[0.260s] Level 1:colcon.colcon_core.package_identification:_identify(.) by extension 'colcon_meta'
[0.260s] Level 1:colcon.colcon_core.package_identification:_identify(.) by extensions ['ros']
[0.260s] Level 1:colcon.colcon_core.package_identification:_identify(.) by extension 'ros'
[0.270s] Level 1:colcon.colcon_core.package_identification:_identify(.) by extensions ['cmake', 'python']
[0.270s] Level 1:colcon.colcon_core.package_identification:_identify(.) by extension 'cmake'
[0.271s] Level 1:colcon.colcon_core.package_identification:_identify(.) by extension 'python'
[0.271s] Level 1:colcon.colcon_core.package_identification:_identify(.) by extensions ['python_setup_py']
[0.271s] Level 1:colcon.colcon_core.package_identification:_identify(.) by extension 'python_setup_py'
[0.271s] Level 1:colcon.colcon_core.package_identification:_identify(build) by extensions ['ignore', 'ignore_ament_install']
[0.271s] Level 1:colcon.colcon_core.package_identification:_identify(build) by extension 'ignore'
[0.271s] Level 1:colcon.colcon_core.package_identification:_identify(build) ignored
[0.271s] Level 1:colcon.colcon_core.package_identification:_identify(install) by extensions ['ignore', 'ignore_ament_install']
[0.271s] Level 1:colcon.colcon_core.package_identification:_identify(install) by extension 'ignore'
[0.271s] Level 1:colcon.colcon_core.package_identification:_identify(install) ignored
[0.271s] Level 1:colcon.colcon_core.package_identification:_identify(log) by extensions ['ignore', 'ignore_ament_install']
[0.271s] Level 1:colcon.colcon_core.package_identification:_identify(log) by extension 'ignore'
[0.272s] Level 1:colcon.colcon_core.package_identification:_identify(log) ignored
[0.272s] Level 1:colcon.colcon_core.package_identification:_identify(src) by extensions ['ignore', 'ignore_ament_install']
[0.272s] Level 1:colcon.colcon_core.package_identification:_identify(src) by extension 'ignore'
[0.272s] Level 1:colcon.colcon_core.package_identification:_identify(src) by extension 'ignore_ament_install'
[0.272s] Level 1:colcon.colcon_core.package_identification:_identify(src) by extensions ['colcon_pkg']
[0.272s] Level 1:colcon.colcon_core.package_identification:_identify(src) by extension 'colcon_pkg'
[0.272s] Level 1:colcon.colcon_core.package_identification:_identify(src) by extensions ['colcon_meta']
[0.272s] Level 1:colcon.colcon_core.package_identification:_identify(src) by extension 'colcon_meta'
[0.272s] Level 1:colcon.colcon_core.package_identification:_identify(src) by extensions ['ros']
[0.272s] Level 1:colcon.colcon_core.package_identification:_identify(src) by extension 'ros'
[0.272s] Level 1:colcon.colcon_core.package_identification:_identify(src) by extensions ['cmake', 'python']
[0.272s] Level 1:colcon.colcon_core.package_identification:_identify(src) by extension 'cmake'
[0.272s] Level 1:colcon.colcon_core.package_identification:_identify(src) by extension 'python'
[0.272s] Level 1:colcon.colcon_core.package_identification:_identify(src) by extensions ['python_setup_py']
[0.272s] Level 1:colcon.colcon_core.package_identification:_identify(src) by extension 'python_setup_py'
[0.272s] Level 1:colcon.colcon_core.package_identification:_identify(src/gest_pub) by extensions ['ignore', 'ignore_ament_install']
[0.272s] Level 1:colcon.colcon_core.package_identification:_identify(src/gest_pub) by extension 'ignore'
[0.272s] Level 1:colcon.colcon_core.package_identification:_identify(src/gest_pub) by extension 'ignore_ament_install'
[0.272s] Level 1:colcon.colcon_core.package_identification:_identify(src/gest_pub) by extensions ['colcon_pkg']
[0.272s] Level 1:colcon.colcon_core.package_identification:_identify(src/gest_pub) by extension 'colcon_pkg'
[0.272s] Level 1:colcon.colcon_core.package_identification:_identify(src/gest_pub) by extensions ['colcon_meta']
[0.273s] Level 1:colcon.colcon_core.package_identification:_identify(src/gest_pub) by extension 'colcon_meta'
[0.273s] Level 1:colcon.colcon_core.package_identification:_identify(src/gest_pub) by extensions ['ros']
[0.273s] Level 1:colcon.colcon_core.package_identification:_identify(src/gest_pub) by extension 'ros'
[0.276s] DEBUG:colcon.colcon_core.package_identification:Package 'src/gest_pub' with type 'ros.ament_python' and name 'gest_pub'
[0.276s] Level 1:colcon.colcon_core.package_identification:_identify(src/gest_sub) by extensions ['ignore', 'ignore_ament_install']
[0.276s] Level 1:colcon.colcon_core.package_identification:_identify(src/gest_sub) by extension 'ignore'
[0.276s] Level 1:colcon.colcon_core.package_identification:_identify(src/gest_sub) by extension 'ignore_ament_install'
[0.277s] Level 1:colcon.colcon_core.package_identification:_identify(src/gest_sub) by extensions ['colcon_pkg']
[0.277s] Level 1:colcon.colcon_core.package_identification:_identify(src/gest_sub) by extension 'colcon_pkg'
[0.277s] Level 1:colcon.colcon_core.package_identification:_identify(src/gest_sub) by extensions ['colcon_meta']
[0.277s] Level 1:colcon.colcon_core.package_identification:_identify(src/gest_sub) by extension 'colcon_meta'
[0.277s] Level 1:colcon.colcon_core.package_identification:_identify(src/gest_sub) by extensions ['ros']
[0.277s] Level 1:colcon.colcon_core.package_identification:_identify(src/gest_sub) by extension 'ros'
[0.277s] DEBUG:colcon.colcon_core.package_identification:Package 'src/gest_sub' with type 'ros.ament_python' and name 'gest_sub'
[0.278s] Level 1:colcon.colcon_core.package_discovery:discover_packages(recursive) using defaults
[0.278s] Level 1:colcon.colcon_core.package_discovery:discover_packages(ignore) discover
[0.278s] Level 1:colcon.colcon_core.package_discovery:discover_packages(ignore) using defaults
[0.278s] Level 1:colcon.colcon_core.package_discovery:discover_packages(path) discover
[0.278s] Level 1:colcon.colcon_core.package_discovery:discover_packages(path) using defaults
[0.309s] Level 1:colcon.colcon_core.package_discovery:discover_packages(prefix_path) check parameters
[0.309s] Level 1:colcon.colcon_core.package_discovery:discover_packages(prefix_path) discover
[0.311s] DEBUG:colcon.colcon_installed_package_information.package_discovery:Found 1 installed packages in /home/argo/rogest_ws/install
[0.311s] DEBUG:colcon.colcon_installed_package_information.package_discovery:Found 1 installed packages in /home/argo/my_turtle_ws/install
[0.311s] DEBUG:colcon.colcon_installed_package_information.package_discovery:Found 2 installed packages in /home/argo/amr_ws/install
[0.312s] DEBUG:colcon.colcon_installed_package_information.package_discovery:Found 295 installed packages in /opt/ros/humble
[0.314s] Level 1:colcon.colcon_core.package_discovery:discover_packages(prefix_path) using defaults
[0.352s] Level 5:colcon.colcon_core.verb:set package 'gest_pub' build argument 'cmake_args' from command line to 'None'
[0.352s] Level 5:colcon.colcon_core.verb:set package 'gest_pub' build argument 'cmake_target' from command line to 'None'
[0.352s] Level 5:colcon.colcon_core.verb:set package 'gest_pub' build argument 'cmake_target_skip_unavailable' from command line to 'False'
[0.352s] Level 5:colcon.colcon_core.verb:set package 'gest_pub' build argument 'cmake_clean_cache' from command line to 'False'
[0.352s] Level 5:colcon.colcon_core.verb:set package 'gest_pub' build argument 'cmake_clean_first' from command line to 'False'
[0.352s] Level 5:colcon.colcon_core.verb:set package 'gest_pub' build argument 'cmake_force_configure' from command line to 'False'
[0.352s] Level 5:colcon.colcon_core.verb:set package 'gest_pub' build argument 'ament_cmake_args' from command line to 'None'
[0.352s] Level 5:colcon.colcon_core.verb:set package 'gest_pub' build argument 'catkin_cmake_args' from command line to 'None'
[0.352s] Level 5:colcon.colcon_core.verb:set package 'gest_pub' build argument 'catkin_skip_building_tests' from command line to 'False'
[0.352s] DEBUG:colcon.colcon_core.verb:Building package 'gest_pub' with the following arguments: {'ament_cmake_args': None, 'build_base': '/home/argo/rogest_ws/build/gest_pub', 'catkin_cmake_args': None, 'catkin_skip_building_tests': False, 'cmake_args': None, 'cmake_clean_cache': False, 'cmake_clean_first': False, 'cmake_force_configure': False, 'cmake_target': None, 'cmake_target_skip_unavailable': False, 'install_base': '/home/argo/rogest_ws/install/gest_pub', 'merge_install': False, 'path': '/home/argo/rogest_ws/src/gest_pub', 'symlink_install': False, 'test_result_base': None}
[0.353s] Level 5:colcon.colcon_core.verb:set package 'gest_sub' build argument 'cmake_args' from command line to 'None'
[0.353s] Level 5:colcon.colcon_core.verb:set package 'gest_sub' build argument 'cmake_target' from command line to 'None'
[0.353s] Level 5:colcon.colcon_core.verb:set package 'gest_sub' build argument 'cmake_target_skip_unavailable' from command line to 'False'
[0.353s] Level 5:colcon.colcon_core.verb:set package 'gest_sub' build argument 'cmake_clean_cache' from command line to 'False'
[0.353s] Level 5:colcon.colcon_core.verb:set package 'gest_sub' build argument 'cmake_clean_first' from command line to 'False'
[0.353s] Level 5:colcon.colcon_core.verb:set package 'gest_sub' build argument 'cmake_force_configure' from command line to 'False'
[0.353s] Level 5:colcon.colcon_core.verb:set package 'gest_sub' build argument 'ament_cmake_args' from command line to 'None'
[0.353s] Level 5:colcon.colcon_core.verb:set package 'gest_sub' build argument 'catkin_cmake_args' from command line to 'None'
[0.353s] Level 5:colcon.colcon_core.verb:set package 'gest_sub' build argument 'catkin_skip_building_tests' from command line to 'False'
[0.353s] DEBUG:colcon.colcon_core.verb:Building package 'gest_sub' with the following arguments: {'ament_cmake_args': None, 'build_base': '/home/argo/rogest_ws/build/gest_sub', 'catkin_cmake_args': None, 'catkin_skip_building_tests': False, 'cmake_args': None, 'cmake_clean_cache': False, 'cmake_clean_first': False, 'cmake_force_configure': False, 'cmake_target': None, 'cmake_target_skip_unavailable': False, 'install_base': '/home/argo/rogest_ws/install/gest_sub', 'merge_install': False, 'path': '/home/argo/rogest_ws/src/gest_sub', 'symlink_install': False, 'test_result_base': None}
[0.353s] INFO:colcon.colcon_core.executor:Executing jobs using 'parallel' executor
[0.354s] DEBUG:colcon.colcon_parallel_executor.executor.parallel:run_until_complete
[0.355s] INFO:colcon.colcon_ros.task.ament_python.build:Building ROS package in '/home/argo/rogest_ws/src/gest_pub' with build type 'ament_python'
[0.355s] Level 1:colcon.colcon_core.shell:create_environment_hook('gest_pub', 'ament_prefix_path')
[0.358s] INFO:colcon.colcon_core.plugin_system:Skipping extension 'colcon_core.shell.bat': Not used on non-Windows systems
[0.358s] INFO:colcon.colcon_core.shell:Creating environment hook '/home/argo/rogest_ws/install/gest_pub/share/gest_pub/hook/ament_prefix_path.ps1'
[0.358s] INFO:colcon.colcon_core.shell:Creating environment descriptor '/home/argo/rogest_ws/install/gest_pub/share/gest_pub/hook/ament_prefix_path.dsv'
[0.359s] INFO:colcon.colcon_core.shell:Creating environment hook '/home/argo/rogest_ws/install/gest_pub/share/gest_pub/hook/ament_prefix_path.sh'
[0.359s] INFO:colcon.colcon_core.shell:Skip shell extension 'powershell' for command environment: Not usable outside of PowerShell
[0.359s] DEBUG:colcon.colcon_core.shell:Skip shell extension 'dsv' for command environment
[0.363s] INFO:colcon.colcon_ros.task.ament_python.build:Building ROS package in '/home/argo/rogest_ws/src/gest_sub' with build type 'ament_python'
[0.363s] Level 1:colcon.colcon_core.shell:create_environment_hook('gest_sub', 'ament_prefix_path')
[0.364s] INFO:colcon.colcon_core.shell:Creating environment hook '/home/argo/rogest_ws/install/gest_sub/share/gest_sub/hook/ament_prefix_path.ps1'
[0.365s] INFO:colcon.colcon_core.shell:Creating environment descriptor '/home/argo/rogest_ws/install/gest_sub/share/gest_sub/hook/ament_prefix_path.dsv'
[0.365s] INFO:colcon.colcon_core.shell:Creating environment hook '/home/argo/rogest_ws/install/gest_sub/share/gest_sub/hook/ament_prefix_path.sh'
[0.366s] INFO:colcon.colcon_core.shell:Skip shell extension 'powershell' for command environment: Not usable outside of PowerShell
[0.366s] DEBUG:colcon.colcon_core.shell:Skip shell extension 'dsv' for command environment
[0.631s] INFO:colcon.colcon_core.task.python.build:Building Python package in '/home/argo/rogest_ws/src/gest_pub'
[0.631s] INFO:colcon.colcon_core.shell:Skip shell extension 'powershell' for command environment: Not usable outside of PowerShell
[0.631s] DEBUG:colcon.colcon_core.shell:Skip shell extension 'dsv' for command environment
[0.932s] INFO:colcon.colcon_core.task.python.build:Building Python package in '/home/argo/rogest_ws/src/gest_sub'
[0.933s] INFO:colcon.colcon_core.shell:Skip shell extension 'powershell' for command environment: Not usable outside of PowerShell
[0.933s] DEBUG:colcon.colcon_core.shell:Skip shell extension 'dsv' for command environment
[1.312s] DEBUG:colcon.colcon_core.event_handler.log_command:Invoking command in '/home/argo/rogest_ws/build/gest_pub': PYTHONPATH=/home/argo/rogest_ws/build/gest_pub/prefix_override:/usr/lib/python3/dist-packages/colcon_core/task/python/colcon_distutils_commands:/home/argo/rogest_ws/install/gest_pub/lib/python3.10/site-packages:${PYTHONPATH} /usr/bin/python3 -W ignore:setup.py install is deprecated -W ignore:easy_install command is deprecated setup.py develop --uninstall --editable --build-directory /home/argo/rogest_ws/build/gest_pub/build
[1.315s] DEBUG:colcon.colcon_core.event_handler.log_command:Invoking command in '/home/argo/rogest_ws/src/gest_sub': PYTHONPATH=/home/argo/rogest_ws/build/gest_sub/prefix_override:/usr/lib/python3/dist-packages/colcon_core/task/python/colcon_distutils_commands:/home/argo/rogest_ws/install/gest_sub/lib/python3.10/site-packages:${PYTHONPATH} /usr/bin/python3 -W ignore:setup.py install is deprecated -W ignore:easy_install command is deprecated setup.py egg_info --egg-base ../../build/gest_sub build --build-base /home/argo/rogest_ws/build/gest_sub/build install --record /home/argo/rogest_ws/build/gest_sub/install.log --single-version-externally-managed install_data
[1.638s] DEBUG:colcon.colcon_core.event_handler.log_command:Invoked command in '/home/argo/rogest_ws/src/gest_sub' returned '0': PYTHONPATH=/home/argo/rogest_ws/build/gest_sub/prefix_override:/usr/lib/python3/dist-packages/colcon_core/task/python/colcon_distutils_commands:/home/argo/rogest_ws/install/gest_sub/lib/python3.10/site-packages:${PYTHONPATH} /usr/bin/python3 -W ignore:setup.py install is deprecated -W ignore:easy_install command is deprecated setup.py egg_info --egg-base ../../build/gest_sub build --build-base /home/argo/rogest_ws/build/gest_sub/build install --record /home/argo/rogest_ws/build/gest_sub/install.log --single-version-externally-managed install_data
[1.640s] Level 1:colcon.colcon_core.environment:checking '/home/argo/rogest_ws/install/gest_sub' for CMake module files
[1.640s] Level 1:colcon.colcon_core.environment:checking '/home/argo/rogest_ws/install/gest_sub' for CMake config files
[1.641s] Level 1:colcon.colcon_core.environment:checking '/home/argo/rogest_ws/install/gest_sub/lib'
[1.642s] Level 1:colcon.colcon_core.environment:checking '/home/argo/rogest_ws/install/gest_sub/bin'
[1.642s] Level 1:colcon.colcon_core.environment:checking '/home/argo/rogest_ws/install/gest_sub/lib/pkgconfig/gest_sub.pc'
[1.642s] Level 1:colcon.colcon_core.environment:checking '/home/argo/rogest_ws/install/gest_sub/lib/python3.10/site-packages'
[1.642s] Level 1:colcon.colcon_core.shell:create_environment_hook('gest_sub', 'pythonpath')
[1.642s] INFO:colcon.colcon_core.shell:Creating environment hook '/home/argo/rogest_ws/install/gest_sub/share/gest_sub/hook/pythonpath.ps1'
[1.643s] INFO:colcon.colcon_core.shell:Creating environment descriptor '/home/argo/rogest_ws/install/gest_sub/share/gest_sub/hook/pythonpath.dsv'
[1.643s] INFO:colcon.colcon_core.shell:Creating environment hook '/home/argo/rogest_ws/install/gest_sub/share/gest_sub/hook/pythonpath.sh'
[1.644s] Level 1:colcon.colcon_core.environment:checking '/home/argo/rogest_ws/install/gest_sub/bin'
[1.644s] Level 1:colcon.colcon_core.environment:create_environment_scripts_only(gest_sub)
[1.644s] INFO:colcon.colcon_core.shell:Creating package script '/home/argo/rogest_ws/install/gest_sub/share/gest_sub/package.ps1'
[1.646s] INFO:colcon.colcon_core.shell:Creating package descriptor '/home/argo/rogest_ws/install/gest_sub/share/gest_sub/package.dsv'
[1.646s] INFO:colcon.colcon_core.shell:Creating package script '/home/argo/rogest_ws/install/gest_sub/share/gest_sub/package.sh'
[1.647s] INFO:colcon.colcon_core.shell:Creating package script '/home/argo/rogest_ws/install/gest_sub/share/gest_sub/package.bash'
[1.647s] INFO:colcon.colcon_core.shell:Creating package script '/home/argo/rogest_ws/install/gest_sub/share/gest_sub/package.zsh'
[1.648s] Level 1:colcon.colcon_core.environment:create_file_with_runtime_dependencies(/home/argo/rogest_ws/install/gest_sub/share/colcon-core/packages/gest_sub)
[1.765s] DEBUG:colcon.colcon_core.event_handler.log_command:Invoked command in '/home/argo/rogest_ws/build/gest_pub' returned '0': PYTHONPATH=/home/argo/rogest_ws/build/gest_pub/prefix_override:/usr/lib/python3/dist-packages/colcon_core/task/python/colcon_distutils_commands:/home/argo/rogest_ws/install/gest_pub/lib/python3.10/site-packages:${PYTHONPATH} /usr/bin/python3 -W ignore:setup.py install is deprecated -W ignore:easy_install command is deprecated setup.py develop --uninstall --editable --build-directory /home/argo/rogest_ws/build/gest_pub/build
[1.766s] DEBUG:colcon.colcon_core.event_handler.log_command:Invoking command in '/home/argo/rogest_ws/src/gest_pub': PYTHONPATH=/home/argo/rogest_ws/build/gest_pub/prefix_override:/usr/lib/python3/dist-packages/colcon_core/task/python/colcon_distutils_commands:/home/argo/rogest_ws/install/gest_pub/lib/python3.10/site-packages:${PYTHONPATH} /usr/bin/python3 -W ignore:setup.py install is deprecated -W ignore:easy_install command is deprecated setup.py egg_info --egg-base ../../build/gest_pub build --build-base /home/argo/rogest_ws/build/gest_pub/build install --record /home/argo/rogest_ws/build/gest_pub/install.log --single-version-externally-managed install_data --force
[2.091s] Level 1:colcon.colcon_core.environment:checking '/home/argo/rogest_ws/install/gest_pub' for CMake module files
[2.092s] DEBUG:colcon.colcon_core.event_handler.log_command:Invoked command in '/home/argo/rogest_ws/src/gest_pub' returned '0': PYTHONPATH=/home/argo/rogest_ws/build/gest_pub/prefix_override:/usr/lib/python3/dist-packages/colcon_core/task/python/colcon_distutils_commands:/home/argo/rogest_ws/install/gest_pub/lib/python3.10/site-packages:${PYTHONPATH} /usr/bin/python3 -W ignore:setup.py install is deprecated -W ignore:easy_install command is deprecated setup.py egg_info --egg-base ../../build/gest_pub build --build-base /home/argo/rogest_ws/build/gest_pub/build install --record /home/argo/rogest_ws/build/gest_pub/install.log --single-version-externally-managed install_data --force
[2.092s] Level 1:colcon.colcon_core.environment:checking '/home/argo/rogest_ws/install/gest_pub' for CMake config files
[2.092s] Level 1:colcon.colcon_core.environment:checking '/home/argo/rogest_ws/install/gest_pub/lib'
[2.093s] Level 1:colcon.colcon_core.environment:checking '/home/argo/rogest_ws/install/gest_pub/bin'
[2.093s] Level 1:colcon.colcon_core.environment:checking '/home/argo/rogest_ws/install/gest_pub/lib/pkgconfig/gest_pub.pc'
[2.093s] Level 1:colcon.colcon_core.environment:checking '/home/argo/rogest_ws/install/gest_pub/lib/python3.10/site-packages'
[2.093s] Level 1:colcon.colcon_core.shell:create_environment_hook('gest_pub', 'pythonpath')
[2.093s] INFO:colcon.colcon_core.shell:Creating environment hook '/home/argo/rogest_ws/install/gest_pub/share/gest_pub/hook/pythonpath.ps1'
[2.094s] INFO:colcon.colcon_core.shell:Creating environment descriptor '/home/argo/rogest_ws/install/gest_pub/share/gest_pub/hook/pythonpath.dsv'
[2.094s] INFO:colcon.colcon_core.shell:Creating environment hook '/home/argo/rogest_ws/install/gest_pub/share/gest_pub/hook/pythonpath.sh'
[2.094s] Level 1:colcon.colcon_core.environment:checking '/home/argo/rogest_ws/install/gest_pub/bin'
[2.095s] Level 1:colcon.colcon_core.environment:create_environment_scripts_only(gest_pub)
[2.095s] INFO:colcon.colcon_core.shell:Creating package script '/home/argo/rogest_ws/install/gest_pub/share/gest_pub/package.ps1'
[2.095s] INFO:colcon.colcon_core.shell:Creating package descriptor '/home/argo/rogest_ws/install/gest_pub/share/gest_pub/package.dsv'
[2.095s] INFO:colcon.colcon_core.shell:Creating package script '/home/argo/rogest_ws/install/gest_pub/share/gest_pub/package.sh'
[2.096s] INFO:colcon.colcon_core.shell:Creating package script '/home/argo/rogest_ws/install/gest_pub/share/gest_pub/package.bash'
[2.096s] INFO:colcon.colcon_core.shell:Creating package script '/home/argo/rogest_ws/install/gest_pub/share/gest_pub/package.zsh'
[2.096s] Level 1:colcon.colcon_core.environment:create_file_with_runtime_dependencies(/home/argo/rogest_ws/install/gest_pub/share/colcon-core/packages/gest_pub)
[2.097s] DEBUG:colcon.colcon_parallel_executor.executor.parallel:closing loop
[2.097s] DEBUG:colcon.colcon_parallel_executor.executor.parallel:loop closed
[2.097s] DEBUG:colcon.colcon_parallel_executor.executor.parallel:run_until_complete finished with '0'
[2.097s] DEBUG:colcon.colcon_core.event_reactor:joining thread
[2.103s] INFO:colcon.colcon_core.plugin_system:Skipping extension 'colcon_notification.desktop_notification.terminal_notifier': Not used on non-Darwin systems
[2.103s] INFO:colcon.colcon_core.plugin_system:Skipping extension 'colcon_notification.desktop_notification.win32': Not used on non-Windows systems
[2.103s] INFO:colcon.colcon_notification.desktop_notification:Sending desktop notification using 'notify2'
[2.117s] DEBUG:colcon.colcon_core.event_reactor:joined thread
[2.117s] INFO:colcon.colcon_core.shell:Creating prefix script '/home/argo/rogest_ws/install/local_setup.ps1'
[2.119s] INFO:colcon.colcon_core.shell:Creating prefix util module '/home/argo/rogest_ws/install/_local_setup_util_ps1.py'
[2.121s] INFO:colcon.colcon_core.shell:Creating prefix chain script '/home/argo/rogest_ws/install/setup.ps1'
[2.123s] INFO:colcon.colcon_core.shell:Creating prefix script '/home/argo/rogest_ws/install/local_setup.sh'
[2.123s] INFO:colcon.colcon_core.shell:Creating prefix util module '/home/argo/rogest_ws/install/_local_setup_util_sh.py'
[2.124s] INFO:colcon.colcon_core.shell:Creating prefix chain script '/home/argo/rogest_ws/install/setup.sh'
[2.125s] INFO:colcon.colcon_core.shell:Creating prefix script '/home/argo/rogest_ws/install/local_setup.bash'
[2.126s] INFO:colcon.colcon_core.shell:Creating prefix chain script '/home/argo/rogest_ws/install/setup.bash'
[2.127s] INFO:colcon.colcon_core.shell:Creating prefix script '/home/argo/rogest_ws/install/local_setup.zsh'
[2.128s] INFO:colcon.colcon_core.shell:Creating prefix chain script '/home/argo/rogest_ws/install/setup.zsh'
